--------------------insert-----------------------
0
label
update1:
update2:
update3:
update4:
update5:
update6:
update7:
update8:
update9:
update10:
update11:
update12:
update13:
update14:
update15:
update16:
update17:
update18:
update19:
update20:
update21:
update22:
update23:
update24:
update25:
update26:
update27:
update28:
update29:
update30:
update31:
update32:
update33:
update34:
update35:
update36:
update37:
update38:
update39:
update40:
update41:
update42:
update43:
update44:
update45:
update46:
update47:
update48:
update49:
update50:
update51:
update52:
update53:
update54:
update55:
update56:
update57:
--------------------insert-----------------------
2

update58:undefined
update59:undefined
update1:undefined
update2:undefined
--------------------insert-----------------------
1

update3:undefined
update4:undefined
update5:undefined
update6:undefined
update7:undefined
update8:undefined
update9:undefined
update10:undefined
update11:undefined
update12:undefined
update13:undefined
update14:undefined
update15:undefined
update16:undefined
update17:undefined
update18:undefined
update19:undefined
update20:undefined
update21:undefined
update22:undefined
update23:undefined
update24:undefined
update25:undefined
update26:undefined
update27:undefined
update28:undefined
update29:undefined
update30:undefined
update31:undefined
update32:undefined
update33:undefined
update34:undefined
update35:undefined
update36:undefined
update37:undefined
update38:undefined
update39:undefined
update40:undefined
update41:undefined
update42:undefined
update43:undefined
update44:undefined
update45:undefined
update46:undefined
update47:undefined
update48:undefined
update49:undefined
update50:undefined
update51:undefined
update52:undefined
update53:undefined
update54:undefined
update55:undefined
update56:undefined
update57:undefined
update58:undefined
update59:undefined
update1:undefined
update2:undefined
update3:undefined
update4:undefined
update5:undefined
update6:undefined
update7:undefined
update8:undefined
update9:undefined
update10:undefined
update11:undefined
update12:undefined
update13:undefined
update14:undefined
update15:undefined
update16:undefined
update17:undefined
update18:undefined
update19:undefined
update20:undefined
update21:undefined
update22:undefined
update23:undefined
update24:undefined
update25:undefined
update26:undefined
--------------------insert-----------------------
3

update27:undefined
update28:undefined
update29:undefined
update30:undefined
update31:undefined
update32:undefined
update33:undefined
update34:undefined
update35:undefined
update36:undefined
update37:undefined
update38:undefined
update39:undefined
update40:undefined
update41:undefined
update42:undefined
update43:undefined
update44:undefined
update45:undefined
update46:undefined
update47:undefined
update48:undefined
update49:undefined
update50:undefined
update51:undefined
update52:undefined
update53:undefined
update54:undefined
update55:undefined
update56:undefined
update57:undefined
update58:undefined
update59:undefined
update1:undefined
update2:undefined
update3:undefined
update4:undefined
update5:undefined
update6:undefined
update7:undefined
update8:undefined
update9:undefined
update10:undefined
update11:undefined
update12:undefined
update13:undefined
update14:undefined
update15:undefined
update16:undefined
update17:undefined
update18:undefined
update19:undefined
update20:undefined
update21:undefined
update22:undefined
update23:undefined
update24:undefined
update25:undefined
--------------------insert-----------------------
4

update26:undefined
update27:undefined
update28:undefined
update29:undefined
update30:undefined
update31:undefined
update32:undefined
update33:undefined
update34:undefined
update35:undefined
update36:undefined
update37:undefined
update38:undefined
update39:undefined
update40:undefined
update41:undefined
update42:undefined
update43:undefined
update44:undefined
update45:undefined
update46:undefined
update47:undefined
update48:undefined
update49:undefined
update50:undefined
update51:undefined
update52:undefined
update53:undefined
update54:undefined
update55:undefined
update56:undefined
update57:undefined
update58:undefined
update59:undefined
update1:undefined
update2:undefined
update3:undefined
